# JRE version: OpenJDK Runtime Environment (8.0_152-b01) (build 1.8.0_152-release-1024-b01)
# Java VM: OpenJDK 64-Bit Server VM (25.152-b01 mixed mode linux-amd64 compressed oops)
Heap:
 PSYoungGen      total 275456K, used 26615K [0x00000000e0000000, 0x00000000f6700000, 0x0000000100000000)
  eden space 248832K, 0% used [0x00000000e0000000,0x00000000e0000000,0x00000000ef300000)
  from space 26624K, 99% used [0x00000000f4d00000,0x00000000f66fdf20,0x00000000f6700000)
  to   space 24064K, 0% used [0x00000000ef300000,0x00000000ef300000,0x00000000f0a80000)
 ParOldGen       total 153600K, used 148311K [0x00000000a0000000, 0x00000000a9600000, 0x00000000e0000000)
  object space 153600K, 96% used [0x00000000a0000000,0x00000000a90d5f70,0x00000000a9600000)
 Metaspace       used 70361K, capacity 74204K, committed 74456K, reserved 1114112K
  class space    used 9288K, capacity 10214K, committed 10240K, reserved 1048576K
GC Heap History (10 events):
Event: 10.855 GC heap after
Heap after GC invocations=12 (full 2):
 PSYoungGen      total 207872K, used 15849K [0x00000000e0000000, 0x00000000eec00000, 0x0000000100000000)
  eden space 192000K, 0% used [0x00000000e0000000,0x00000000e0000000,0x00000000ebb80000)
  from space 15872K, 99% used [0x00000000ed200000,0x00000000ee17a510,0x00000000ee180000)
  to   space 23040K, 0% used [0x00000000ebb80000,0x00000000ebb80000,0x00000000ed200000)
 ParOldGen       total 51200K, used 28110K [0x00000000a0000000, 0x00000000a3200000, 0x00000000e0000000)
  object space 51200K, 54% used [0x00000000a0000000,0x00000000a1b73bd0,0x00000000a3200000)
 Metaspace       used 51604K, capacity 53680K, committed 53720K, reserved 1095680K
  class space    used 7117K, capacity 7666K, committed 7680K, reserved 1048576K
}
Event: 22.579 GC heap before
{Heap before GC invocations=13 (full 2):
 PSYoungGen      total 207872K, used 169818K [0x00000000e0000000, 0x00000000eec00000, 0x0000000100000000)
  eden space 192000K, 80% used [0x00000000e0000000,0x00000000e965c690,0x00000000ebb80000)
  from space 15872K, 99% used [0x00000000ed200000,0x00000000ee17a510,0x00000000ee180000)
  to   space 23040K, 0% used [0x00000000ebb80000,0x00000000ebb80000,0x00000000ed200000)
 ParOldGen       total 51200K, used 28110K [0x00000000a0000000, 0x00000000a3200000, 0x00000000e0000000)
  object space 51200K, 54% used [0x00000000a0000000,0x00000000a1b73bd0,0x00000000a3200000)
 Metaspace       used 55786K, capacity 58812K, committed 58968K, reserved 1099776K
  class space    used 7655K, capacity 8464K, committed 8576K, reserved 1048576K
Event: 22.675 GC heap after
Heap after GC invocations=13 (full 2):
 PSYoungGen      total 215040K, used 17637K [0x00000000e0000000, 0x00000000f2c00000, 0x0000000100000000)
  eden space 192000K, 0% used [0x00000000e0000000,0x00000000e0000000,0x00000000ebb80000)
  from space 23040K, 76% used [0x00000000ebb80000,0x00000000eccb9620,0x00000000ed200000)
  to   space 24576K, 0% used [0x00000000f1400000,0x00000000f1400000,0x00000000f2c00000)
 ParOldGen       total 51200K, used 44040K [0x00000000a0000000, 0x00000000a3200000, 0x00000000e0000000)
  object space 51200K, 86% used [0x00000000a0000000,0x00000000a2b02190,0x00000000a3200000)
 Metaspace       used 55786K, capacity 58812K, committed 58968K, reserved 1099776K
  class space    used 7655K, capacity 8464K, committed 8576K, reserved 1048576K
}
Event: 22.676 GC heap before
{Heap before GC invocations=14 (full 3):
 PSYoungGen      total 215040K, used 17637K [0x00000000e0000000, 0x00000000f2c00000, 0x0000000100000000)
  eden space 192000K, 0% used [0x00000000e0000000,0x00000000e0000000,0x00000000ebb80000)
  from space 23040K, 76% used [0x00000000ebb80000,0x00000000eccb9620,0x00000000ed200000)
  to   space 24576K, 0% used [0x00000000f1400000,0x00000000f1400000,0x00000000f2c00000)
 ParOldGen       total 51200K, used 44040K [0x00000000a0000000, 0x00000000a3200000, 0x00000000e0000000)
  object space 51200K, 86% used [0x00000000a0000000,0x00000000a2b02190,0x00000000a3200000)
 Metaspace       used 55786K, capacity 58812K, committed 58968K, reserved 1099776K
  class space    used 7655K, capacity 8464K, committed 8576K, reserved 1048576K
Event: 23.036 GC heap after
Heap after GC invocations=14 (full 3):
 PSYoungGen      total 215040K, used 7164K [0x00000000e0000000, 0x00000000f2c00000, 0x0000000100000000)
  eden space 192000K, 0% used [0x00000000e0000000,0x00000000e0000000,0x00000000ebb80000)
  from space 23040K, 31% used [0x00000000ebb80000,0x00000000ec27f358,0x00000000ed200000)
  to   space 24576K, 0% used [0x00000000f1400000,0x00000000f1400000,0x00000000f2c00000)
 ParOldGen       total 104448K, used 51005K [0x00000000a0000000, 0x00000000a6600000, 0x00000000e0000000)
  object space 104448K, 48% used [0x00000000a0000000,0x00000000a31cf648,0x00000000a6600000)
 Metaspace       used 55786K, capacity 58812K, committed 58968K, reserved 1099776K
  class space    used 7655K, capacity 8464K, committed 8576K, reserved 1048576K
}
Event: 36.673 GC heap before
{Heap before GC invocations=15 (full 3):
 PSYoungGen      total 215040K, used 199164K [0x00000000e0000000, 0x00000000f2c00000, 0x0000000100000000)
  eden space 192000K, 100% used [0x00000000e0000000,0x00000000ebb80000,0x00000000ebb80000)
  from space 23040K, 31% used [0x00000000ebb80000,0x00000000ec27f358,0x00000000ed200000)
  to   space 24576K, 0% used [0x00000000f1400000,0x00000000f1400000,0x00000000f2c00000)
 ParOldGen       total 104448K, used 51005K [0x00000000a0000000, 0x00000000a6600000, 0x00000000e0000000)
  object space 104448K, 48% used [0x00000000a0000000,0x00000000a31cf648,0x00000000a6600000)
 Metaspace       used 59344K, capacity 62658K, committed 62936K, reserved 1103872K
  class space    used 8055K, capacity 8893K, committed 8960K, reserved 1048576K
Event: 36.722 GC heap after
Heap after GC invocations=15 (full 3):
 PSYoungGen      total 263168K, used 5335K [0x00000000e0000000, 0x00000000f2200000, 0x0000000100000000)
  eden space 248832K, 0% used [0x00000000e0000000,0x00000000e0000000,0x00000000ef300000)
  from space 14336K, 37% used [0x00000000f1400000,0x00000000f1935f40,0x00000000f2200000)
  to   space 24064K, 0% used [0x00000000ef300000,0x00000000ef300000,0x00000000f0a80000)
 ParOldGen       total 104448K, used 56149K [0x00000000a0000000, 0x00000000a6600000, 0x00000000e0000000)
  object space 104448K, 53% used [0x00000000a0000000,0x00000000a36d5728,0x00000000a6600000)
 Metaspace       used 59344K, capacity 62658K, committed 62936K, reserved 1103872K
  class space    used 8055K, capacity 8893K, committed 8960K, reserved 1048576K
}
Event: 50.956 GC heap before
{Heap before GC invocations=16 (full 3):
 PSYoungGen      total 263168K, used 254167K [0x00000000e0000000, 0x00000000f2200000, 0x0000000100000000)
  eden space 248832K, 100% used [0x00000000e0000000,0x00000000ef300000,0x00000000ef300000)
  from space 14336K, 37% used [0x00000000f1400000,0x00000000f1935f40,0x00000000f2200000)
  to   space 24064K, 0% used [0x00000000ef300000,0x00000000ef300000,0x00000000f0a80000)
 ParOldGen       total 104448K, used 56149K [0x00000000a0000000, 0x00000000a6600000, 0x00000000e0000000)
  object space 104448K, 53% used [0x00000000a0000000,0x00000000a36d5728,0x00000000a6600000)
 Metaspace       used 70181K, capacity 73972K, committed 74200K, reserved 1114112K
  class space    used 9268K, capacity 10178K, committed 10240K, reserved 1048576K
Event: 51.006 GC heap after
Heap after GC invocations=16 (full 3):
 PSYoungGen      total 272896K, used 20443K [0x00000000e0000000, 0x00000000f6700000, 0x0000000100000000)
  eden space 248832K, 0% used [0x00000000e0000000,0x00000000e0000000,0x00000000ef300000)
  from space 24064K, 84% used [0x00000000ef300000,0x00000000f06f6e48,0x00000000f0a80000)
  to   space 26624K, 0% used [0x00000000f4d00000,0x00000000f4d00000,0x00000000f6700000)
 ParOldGen       total 104448K, used 58884K [0x00000000a0000000, 0x00000000a6600000, 0x00000000e0000000)
  object space 104448K, 56% used [0x00000000a0000000,0x00000000a39810c8,0x00000000a6600000)
 Metaspace       used 70181K, capacity 73972K, committed 74200K, reserved 1114112K
  class space    used 9268K, capacity 10178K, committed 10240K, reserved 1048576K
}
Event: 53.502 GC heap before
{Heap before GC invocations=17 (full 3):
 PSYoungGen      total 272896K, used 269275K [0x00000000e0000000, 0x00000000f6700000, 0x0000000100000000)
  eden space 248832K, 100% used [0x00000000e0000000,0x00000000ef300000,0x00000000ef300000)
  from space 24064K, 84% used [0x00000000ef300000,0x00000000f06f6e48,0x00000000f0a80000)
  to   space 26624K, 0% used [0x00000000f4d00000,0x00000000f4d00000,0x00000000f6700000)
 ParOldGen       total 104448K, used 58884K [0x00000000a0000000, 0x00000000a6600000, 0x00000000e0000000)
  object space 104448K, 56% used [0x00000000a0000000,0x00000000a39810c8,0x00000000a6600000)
 Metaspace       used 70361K, capacity 74204K, committed 74456K, reserved 1114112K
  class space    used 9288K, capacity 10214K, committed 10240K, reserved 1048576K

