# JRE version: OpenJDK Runtime Environment (8.0_152-b01) (build 1.8.0_152-release-1024-b01)
# Java VM: OpenJDK 64-Bit Server VM (25.152-b01 mixed mode linux-amd64 compressed oops)
Heap:
 PSYoungGen      total 246784K, used 6005K [0x00000000e0000000, 0x00000000f0480000, 0x0000000100000000)
  eden space 226816K, 0% used [0x00000000e0000000,0x00000000e0000000,0x00000000edd80000)
  from space 19968K, 30% used [0x00000000edd80000,0x00000000ee35d638,0x00000000ef100000)
  to   space 15872K, 0% used [0x00000000ef500000,0x00000000ef500000,0x00000000f0480000)
 ParOldGen       total 77312K, used 38898K [0x00000000a0000000, 0x00000000a4b80000, 0x00000000e0000000)
  object space 77312K, 50% used [0x00000000a0000000,0x00000000a25fcaf0,0x00000000a4b80000)
 Metaspace       used 58705K, capacity 60950K, committed 61272K, reserved 1101824K
  class space    used 7851K, capacity 8450K, committed 8576K, reserved 1048576K
GC Heap History (10 events):
Event: 12.550 GC heap after
Heap after GC invocations=11 (full 2):
 PSYoungGen      total 126464K, used 0K [0x00000000e0000000, 0x00000000eb480000, 0x0000000100000000)
  eden space 117248K, 0% used [0x00000000e0000000,0x00000000e0000000,0x00000000e7280000)
  from space 9216K, 0% used [0x00000000e7280000,0x00000000e7280000,0x00000000e7b80000)
  to   space 11776K, 0% used [0x00000000ea900000,0x00000000ea900000,0x00000000eb480000)
 ParOldGen       total 45568K, used 19275K [0x00000000a0000000, 0x00000000a2c80000, 0x00000000e0000000)
  object space 45568K, 42% used [0x00000000a0000000,0x00000000a12d2f68,0x00000000a2c80000)
 Metaspace       used 34807K, capacity 35352K, committed 35416K, reserved 1079296K
  class space    used 4784K, capacity 4989K, committed 4992K, reserved 1048576K
}
Event: 14.154 GC heap before
{Heap before GC invocations=12 (full 2):
 PSYoungGen      total 126464K, used 117248K [0x00000000e0000000, 0x00000000eb480000, 0x0000000100000000)
  eden space 117248K, 100% used [0x00000000e0000000,0x00000000e7280000,0x00000000e7280000)
  from space 9216K, 0% used [0x00000000e7280000,0x00000000e7280000,0x00000000e7b80000)
  to   space 11776K, 0% used [0x00000000ea900000,0x00000000ea900000,0x00000000eb480000)
 ParOldGen       total 45568K, used 19275K [0x00000000a0000000, 0x00000000a2c80000, 0x00000000e0000000)
  object space 45568K, 42% used [0x00000000a0000000,0x00000000a12d2f68,0x00000000a2c80000)
 Metaspace       used 39375K, capacity 40332K, committed 40536K, reserved 1083392K
  class space    used 5394K, capacity 5741K, committed 5760K, reserved 1048576K
Event: 14.169 GC heap after
Heap after GC invocations=12 (full 2):
 PSYoungGen      total 171008K, used 11749K [0x00000000e0000000, 0x00000000ec400000, 0x0000000100000000)
  eden space 159232K, 0% used [0x00000000e0000000,0x00000000e0000000,0x00000000e9b80000)
  from space 11776K, 99% used [0x00000000ea900000,0x00000000eb479538,0x00000000eb480000)
  to   space 13824K, 0% used [0x00000000e9b80000,0x00000000e9b80000,0x00000000ea900000)
 ParOldGen       total 45568K, used 19533K [0x00000000a0000000, 0x00000000a2c80000, 0x00000000e0000000)
  object space 45568K, 42% used [0x00000000a0000000,0x00000000a1313688,0x00000000a2c80000)
 Metaspace       used 39375K, capacity 40332K, committed 40536K, reserved 1083392K
  class space    used 5394K, capacity 5741K, committed 5760K, reserved 1048576K
}
Event: 19.523 GC heap before
{Heap before GC invocations=13 (full 2):
 PSYoungGen      total 171008K, used 170981K [0x00000000e0000000, 0x00000000ec400000, 0x0000000100000000)
  eden space 159232K, 100% used [0x00000000e0000000,0x00000000e9b80000,0x00000000e9b80000)
  from space 11776K, 99% used [0x00000000ea900000,0x00000000eb479538,0x00000000eb480000)
  to   space 13824K, 0% used [0x00000000e9b80000,0x00000000e9b80000,0x00000000ea900000)
 ParOldGen       total 45568K, used 19533K [0x00000000a0000000, 0x00000000a2c80000, 0x00000000e0000000)
  object space 45568K, 42% used [0x00000000a0000000,0x00000000a1313688,0x00000000a2c80000)
 Metaspace       used 52988K, capacity 54720K, committed 54872K, reserved 1095680K
  class space    used 7229K, capacity 7711K, committed 7808K, reserved 1048576K
Event: 19.551 GC heap after
Heap after GC invocations=13 (full 2):
 PSYoungGen      total 173056K, used 13797K [0x00000000e0000000, 0x00000000f0900000, 0x0000000100000000)
  eden space 159232K, 0% used [0x00000000e0000000,0x00000000e0000000,0x00000000e9b80000)
  from space 13824K, 99% used [0x00000000e9b80000,0x00000000ea8f95a8,0x00000000ea900000)
  to   space 20480K, 0% used [0x00000000ef500000,0x00000000ef500000,0x00000000f0900000)
 ParOldGen       total 45568K, used 33362K [0x00000000a0000000, 0x00000000a2c80000, 0x00000000e0000000)
  object space 45568K, 73% used [0x00000000a0000000,0x00000000a20948e0,0x00000000a2c80000)
 Metaspace       used 52988K, capacity 54720K, committed 54872K, reserved 1095680K
  class space    used 7229K, capacity 7711K, committed 7808K, reserved 1048576K
}
Event: 28.644 GC heap before
{Heap before GC invocations=14 (full 2):
 PSYoungGen      total 173056K, used 62136K [0x00000000e0000000, 0x00000000f0900000, 0x0000000100000000)
  eden space 159232K, 30% used [0x00000000e0000000,0x00000000e2f34ad0,0x00000000e9b80000)
  from space 13824K, 99% used [0x00000000e9b80000,0x00000000ea8f95a8,0x00000000ea900000)
  to   space 20480K, 0% used [0x00000000ef500000,0x00000000ef500000,0x00000000f0900000)
 ParOldGen       total 45568K, used 33362K [0x00000000a0000000, 0x00000000a2c80000, 0x00000000e0000000)
  object space 45568K, 73% used [0x00000000a0000000,0x00000000a20948e0,0x00000000a2c80000)
 Metaspace       used 57028K, capacity 58772K, committed 58968K, reserved 1099776K
  class space    used 7710K, capacity 8215K, committed 8320K, reserved 1048576K
Event: 28.715 GC heap after
Heap after GC invocations=14 (full 2):
 PSYoungGen      total 242688K, used 5466K [0x00000000e0000000, 0x00000000f0480000, 0x0000000100000000)
  eden space 226816K, 0% used [0x00000000e0000000,0x00000000e0000000,0x00000000edd80000)
  from space 15872K, 34% used [0x00000000ef500000,0x00000000efa56868,0x00000000f0480000)
  to   space 19968K, 0% used [0x00000000edd80000,0x00000000edd80000,0x00000000ef100000)
 ParOldGen       total 45568K, used 45384K [0x00000000a0000000, 0x00000000a2c80000, 0x00000000e0000000)
  object space 45568K, 99% used [0x00000000a0000000,0x00000000a2c521e0,0x00000000a2c80000)
 Metaspace       used 57028K, capacity 58772K, committed 58968K, reserved 1099776K
  class space    used 7710K, capacity 8215K, committed 8320K, reserved 1048576K
}
Event: 28.715 GC heap before
{Heap before GC invocations=15 (full 3):
 PSYoungGen      total 242688K, used 5466K [0x00000000e0000000, 0x00000000f0480000, 0x0000000100000000)
  eden space 226816K, 0% used [0x00000000e0000000,0x00000000e0000000,0x00000000edd80000)
  from space 15872K, 34% used [0x00000000ef500000,0x00000000efa56868,0x00000000f0480000)
  to   space 19968K, 0% used [0x00000000edd80000,0x00000000edd80000,0x00000000ef100000)
 ParOldGen       total 45568K, used 45384K [0x00000000a0000000, 0x00000000a2c80000, 0x00000000e0000000)
  object space 45568K, 99% used [0x00000000a0000000,0x00000000a2c521e0,0x00000000a2c80000)
 Metaspace       used 57028K, capacity 58772K, committed 58968K, reserved 1099776K
  class space    used 7710K, capacity 8215K, committed 8320K, reserved 1048576K
Event: 28.965 GC heap after
Heap after GC invocations=15 (full 3):
 PSYoungGen      total 242688K, used 0K [0x00000000e0000000, 0x00000000f0480000, 0x0000000100000000)
  eden space 226816K, 0% used [0x00000000e0000000,0x00000000e0000000,0x00000000edd80000)
  from space 15872K, 0% used [0x00000000ef500000,0x00000000ef500000,0x00000000f0480000)
  to   space 19968K, 0% used [0x00000000edd80000,0x00000000edd80000,0x00000000ef100000)
 ParOldGen       total 77312K, used 38890K [0x00000000a0000000, 0x00000000a4b80000, 0x00000000e0000000)
  object space 77312K, 50% used [0x00000000a0000000,0x00000000a25faaf0,0x00000000a4b80000)
 Metaspace       used 57013K, capacity 58754K, committed 58968K, reserved 1099776K
  class space    used 7705K, capacity 8209K, committed 8320K, reserved 1048576K
}
Event: 161.216 GC heap before
{Heap before GC invocations=16 (full 3):
 PSYoungGen      total 242688K, used 226816K [0x00000000e0000000, 0x00000000f0480000, 0x0000000100000000)
  eden space 226816K, 100% used [0x00000000e0000000,0x00000000edd80000,0x00000000edd80000)
  from space 15872K, 0% used [0x00000000ef500000,0x00000000ef500000,0x00000000f0480000)
  to   space 19968K, 0% used [0x00000000edd80000,0x00000000edd80000,0x00000000ef100000)
 ParOldGen       total 77312K, used 38890K [0x00000000a0000000, 0x00000000a4b80000, 0x00000000e0000000)
  object space 77312K, 50% used [0x00000000a0000000,0x00000000a25faaf0,0x00000000a4b80000)
 Metaspace       used 58705K, capacity 60950K, committed 61272K, reserved 1101824K
  class space    used 7851K, capacity 8450K, committed 8576K, reserved 1048576K

